2026/5/19 16:51:18|Information|ClassIsland.App|ClassIsland 2.0.0.2-Khaslana-af9cdea(HEAD) (Core 2.0.0.0)
2026/5/19 16:51:18|Information|ClassIsland.Shared.Helpers.ConfigureFileHelper|读取 JSON 文件：C:\Users\zhuch\AppData\Local\ClassIsland\Management\Persist.json
2026/5/19 16:51:18|Information|ClassIsland.Shared.Helpers.ConfigureFileHelper|读取 JSON 文件：C:\Users\zhuch\AppData\Local\ClassIsland\Management\Settings.json
2026/5/19 16:51:18|Information|ClassIsland.Shared.Helpers.ConfigureFileHelper|读取 JSON 文件：C:\ClassIsland\data\Config\Management\Policy.json
2026/5/19 16:51:18|Information|ClassIsland.Shared.Helpers.ConfigureFileHelper|读取 JSON 文件：C:\ClassIsland\data\Config\Management\Credentials.json
2026/5/19 16:51:18|Information|ClassIsland.Services.SettingsService|加载配置文件。
2026/5/19 16:51:18|Information|ClassIsland.Shared.Helpers.ConfigureFileHelper|读取 JSON 文件：C:\ClassIsland\data\Settings.json
2026/5/19 16:51:18|Information|ClassIsland.Services.SettingsService|写入配置文件：DiagnosticStartupCount
2026/5/19 16:51:18|Information|ClassIsland.Shared.Helpers.ConfigureFileHelper|写入 JSON 文件：C:\ClassIsland\data\Settings.json
2026/5/19 16:51:18|Information|ClassIsland.App|初始化应用。
2026/5/19 16:51:18|Information|ClassIsland.Shared.Helpers.ConfigureFileHelper|读取 JSON 文件：C:\ClassIsland\data\Cache\Update\DistributionInfo.json
2026/5/19 16:51:18|Information|ClassIsland.Shared.Helpers.ConfigureFileHelper|读取 JSON 文件：C:\ClassIsland\data\Cache\Update\DistributionMetadata.json
2026/5/19 16:51:19|Information|ClassIsland.Services.ProfileService|加载档案中：C:\ClassIsland\data\Profiles\Default.json
2026/5/19 16:51:19|Information|ClassIsland.Shared.Helpers.ConfigureFileHelper|读取 JSON 文件：C:\ClassIsland\data\Profiles\Default.json
2026/5/19 16:51:19|Information|ClassIsland.Services.ExactTimeService|正在从 ntp.aliyun.com 同步时间
2026/5/19 16:51:19|Information|ClassIsland.Services.ExactTimeService|成功地同步了时间，现在是 05/19/2026 16:51:15
2026/5/19 16:51:19|Information|ClassIsland.Shared.Helpers.ConfigureFileHelper|读取 JSON 文件：C:\ClassIsland\data\Config\ComponentLayouts\Default.json
2026/5/19 16:51:19|Information|ClassIsland.Services.LessonsService|发出时间状态改变事件。
2026/5/19 16:51:19|Information|ClassIsland.Services.LessonsService|发出放学事件。
2026/5/19 16:51:19|Information|ClassIsland.Services.NotificationHostService|注册提醒提供方：08f0d9c3-c770-4093-a3d0-02f3d90c24bc（上下课提醒）
2026/5/19 16:51:19|Information|ClassIsland.Services.NotificationHostService|注册提醒渠道：cddfe7ff-b904-4c73-b458-82793b2f66e9（准备上课提醒）
2026/5/19 16:51:19|Information|ClassIsland.Services.NotificationHostService|注册提醒渠道：aff5b9a4-037c-4a71-8563-c9ea87dda75c（上课提醒）
2026/5/19 16:51:19|Information|ClassIsland.Services.NotificationHostService|注册提醒渠道：77c9f3fb-0a2a-4b22-bddf-3c333462b2f9（下课提醒）
2026/5/19 16:51:19|Information|ClassIsland.Services.NotificationHostService|获取提醒提供方设置：08f0d9c3-c770-4093-a3d0-02f3d90c24bc
2026/5/19 16:51:19|Information|ClassIsland.Services.NotificationHostService|注册提醒提供方：8fbc3a26-6d20-44dd-b895-b9411e3ddc51（放学提醒）
2026/5/19 16:51:19|Information|ClassIsland.Services.NotificationHostService|获取提醒提供方设置：8fbc3a26-6d20-44dd-b895-b9411e3ddc51
2026/5/19 16:51:19|Information|ClassIsland.Services.NotificationHostService|注册提醒提供方：7625de96-38aa-4b71-b478-3f156dd9458d（天气预警）
2026/5/19 16:51:19|Information|ClassIsland.Services.NotificationHostService|获取提醒提供方设置：7625de96-38aa-4b71-b478-3f156dd9458d
2026/5/19 16:51:20|Information|ClassIsland.Services.NotificationHostService|注册提醒提供方：4b12f124-8585-43c7-afc5-7bbb7cbe60d6（行动提醒）
2026/5/19 16:51:20|Information|ClassIsland.Services.NotificationHostService|注册提醒提供方：b27c0af3-c917-44de-a61d-8010c3f3fb92（地震预警）
2026/5/19 16:51:20|Information|ClassIsland.Services.NotificationHostService|获取提醒提供方设置：b27c0af3-c917-44de-a61d-8010c3f3fb92
2026/5/19 16:51:20|Information|ExtraIsland.Shared.ServicesFetcherService|正在获取服务...
2026/5/19 16:51:20|Information|ExtraIsland.Plugin|ExtraIsland 已载入!
2026/5/19 16:51:20|Information|ClassIsland.Services.NotificationHostService|注册提醒提供方：f377c816-42b1-4d1a-aa69-a67ddd6beb6d（更好的倒计时提醒）
2026/5/19 16:51:20|Information|ClassIsland.Services.NotificationHostService|注册提醒渠道：40f73a64-a0d8-480b-8026-f0a71a14d6fb（倒计时结束）
2026/5/19 16:51:20|Information|Microsoft.Hosting.Lifetime|Application started. Press Ctrl+C to shut down.
2026/5/19 16:51:20|Information|Microsoft.Hosting.Lifetime|Hosting environment: Production
2026/5/19 16:51:20|Information|Microsoft.Hosting.Lifetime|Content root path: C:\ClassIsland\app-2.0.0.2-0\
2026/5/19 16:51:20|Information|ClassIsland.App|App started.
2026/5/19 16:51:20|Information|ClassIsland.Services.PluginMarketService|正在加载插件源
2026/5/19 16:51:20|Information|ClassIsland.Shared.Helpers.ConfigureFileHelper|读取 JSON 文件：C:\ClassIsland\data\Config\PluginsIndex\Default\index.v2.json
2026/5/19 16:51:20|Information|ClassIsland.Services.SettingsService|写入配置文件：OfficialIndexMirrors
2026/5/19 16:51:20|Information|ClassIsland.Shared.Helpers.ConfigureFileHelper|写入 JSON 文件：C:\ClassIsland\data\Settings.json
2026/5/19 16:51:20|Information|ClassIsland.App|正在初始化MainWindow。
2026/5/19 16:51:20|Information|ClassIsland.Services.SpeechService.SystemSpeechService|初始化了系统TTS服务。
2026/5/19 16:51:20|Information|ClassIsland.Shared.Helpers.ConfigureFileHelper|读取 JSON 文件：C:\ClassIsland\data\Config\EnabledThemes.json
2026/5/19 16:51:20|Information|ClassIsland.Services.XamlThemeService|正在加载主题源
2026/5/19 16:51:20|Information|ClassIsland.Services.PluginMarketService|正在加载插件源
2026/5/19 16:51:20|Information|ClassIsland.Shared.Helpers.ConfigureFileHelper|读取 JSON 文件：C:\ClassIsland\data\Config\PluginsIndex\Default\index.v2.json
2026/5/19 16:51:20|Information|ClassIsland.Services.SettingsService|写入配置文件：OfficialIndexMirrors
2026/5/19 16:51:20|Information|ClassIsland.Shared.Helpers.ConfigureFileHelper|写入 JSON 文件：C:\ClassIsland\data\Settings.json
2026/5/19 16:51:20|Information|ClassIsland.Shared.Helpers.ConfigureFileHelper|读取 JSON 文件：C:\ClassIsland\data\Config\PluginsIndex\Default\themes.json
2026/5/19 16:51:20|Information|ClassIsland.Services.XamlThemeService|正在从资源加载主题 avares://ClassIsland/XamlThemes/FluentTheme/Styles.axaml
2026/5/19 16:51:20|Information|ClassIsland.Services.XamlThemeService|正在加载主题源
2026/5/19 16:51:20|Information|ClassIsland.Services.PluginMarketService|正在加载插件源
2026/5/19 16:51:20|Information|ClassIsland.Shared.Helpers.ConfigureFileHelper|读取 JSON 文件：C:\ClassIsland\data\Config\PluginsIndex\Default\index.v2.json
2026/5/19 16:51:20|Information|ClassIsland.Services.SettingsService|写入配置文件：OfficialIndexMirrors
2026/5/19 16:51:20|Information|ClassIsland.Shared.Helpers.ConfigureFileHelper|写入 JSON 文件：C:\ClassIsland\data\Settings.json
2026/5/19 16:51:20|Information|ClassIsland.Shared.Helpers.ConfigureFileHelper|读取 JSON 文件：C:\ClassIsland\data\Config\PluginsIndex\Default\themes.json
2026/5/19 16:51:20|Information|ClassIsland.Services.XamlThemeService|正在从资源加载主题 avares://ClassIsland/XamlThemes/FluentTheme/Styles.axaml
2026/5/19 16:51:20|Warning|ClassIsland.Services.Logging.AvaloniaLoggingSink|[Binding] An error occurred binding 'IsVisible' to 'SettingsService.Settings.IsMainWindowVisible' at 'SettingsService': 'Could not find a matching property accessor for 'SettingsService' on 'ClassIsland.Core.Models.Components.MainWindowLineSettings'.' (Grid #GridRoot)
2026/5/19 16:51:20|Warning|ClassIsland.Services.Logging.AvaloniaLoggingSink|[Binding] An error occurred binding 'Content' to '$visualParent[MainWindowLine].OverlayContent.Content' at 'OverlayContent': 'Value is null.' (ContentPresenter #10901353)
2026/5/19 16:51:20|Warning|ClassIsland.Services.Logging.AvaloniaLoggingSink|[Binding] An error occurred binding 'ContentTemplate' to '$visualParent[MainWindowLine].OverlayContent.ContentTemplate' at 'OverlayContent': 'Value is null.' (ContentPresenter #10901353)
2026/5/19 16:51:20|Warning|ClassIsland.Services.Logging.AvaloniaLoggingSink|[Binding] An error occurred binding 'Content' to '$visualParent[MainWindowLine].MaskContent.Content' at 'MaskContent': 'Value is null.' (ContentPresenter #OverlayMaskContent)
2026/5/19 16:51:20|Warning|ClassIsland.Services.Logging.AvaloniaLoggingSink|[Binding] An error occurred binding 'ContentTemplate' to '$visualParent[MainWindowLine].MaskContent.ContentTemplate' at 'MaskContent': 'Value is null.' (ContentPresenter #OverlayMaskContent)
2026/5/19 16:51:20|Warning|ClassIsland.Services.Logging.AvaloniaLoggingSink|[Binding] An error occurred binding 'IsVisible' to 'SettingsService.Settings.IsMainWindowVisible' at 'SettingsService': 'Could not find a matching property accessor for 'SettingsService' on 'ClassIsland.Core.Models.Components.MainWindowLineSettings'.' (Grid #GridRoot)
2026/5/19 16:51:21|Warning|ClassIsland.Services.Logging.AvaloniaLoggingSink|[Binding] An error occurred binding 'Content' to '$visualParent[MainWindowLine].OverlayContent.Content' at 'OverlayContent': 'Value is null.' (ContentPresenter #23828523)
2026/5/19 16:51:21|Warning|ClassIsland.Services.Logging.AvaloniaLoggingSink|[Binding] An error occurred binding 'ContentTemplate' to '$visualParent[MainWindowLine].OverlayContent.ContentTemplate' at 'OverlayContent': 'Value is null.' (ContentPresenter #23828523)
2026/5/19 16:51:21|Warning|ClassIsland.Services.Logging.AvaloniaLoggingSink|[Binding] An error occurred binding 'Content' to '$visualParent[MainWindowLine].MaskContent.Content' at 'MaskContent': 'Value is null.' (ContentPresenter #OverlayMaskContent)
2026/5/19 16:51:21|Warning|ClassIsland.Services.Logging.AvaloniaLoggingSink|[Binding] An error occurred binding 'ContentTemplate' to '$visualParent[MainWindowLine].MaskContent.ContentTemplate' at 'MaskContent': 'Value is null.' (ContentPresenter #OverlayMaskContent)
2026/5/19 16:51:21|Information|ClassIsland.Shared.Helpers.ConfigureFileHelper|写入 JSON 文件：C:\ClassIsland\data\Cache\Update\DistributionMetadata.json
2026/5/19 16:51:21|Information|ClassIsland.Services.SettingsService|写入配置文件：LastCheckUpdateTime
2026/5/19 16:51:21|Information|ClassIsland.Shared.Helpers.ConfigureFileHelper|写入 JSON 文件：C:\ClassIsland\data\Settings.json
2026/5/19 16:51:22|Information|ClassIsland.Services.DiagnosticService|启动共花费 5301ms, [4, 6)
2026/5/19 16:51:22|Warning|ClassIsland.Services.Logging.AvaloniaLoggingSink|[Animations] Cannot find the appropriate transform: "Avalonia.Media.TranslateTransform" in ClassIsland.Core.Controls.FluentIcon. (FluentIcon #26352844)
2026/5/19 16:51:23|Warning|ClassIsland.Services.Logging.AvaloniaLoggingSink|[Binding] An error occurred binding 'ItemsSource' to 'ClassPlan.TimeLayout.Layouts' at 'ClassPlan': 'Value is null.' (LessonsListBox #MainLessonsListBox)
2026/5/19 16:51:23|Warning|ClassIsland.Services.Logging.AvaloniaLoggingSink|[Binding] An error occurred binding 'ItemsSource' to 'ClassPlan.TimeLayout.Layouts' at 'ClassPlan': 'Value is null.' (LessonsListBox #TomorrowLessonsListBox)
2026/5/19 16:51:23|Information|ClassIsland.Shared.Helpers.ConfigureFileHelper|读取 JSON 文件：C:\ClassIsland\data\Config\Automations\Default.json
2026/5/19 16:51:24|Information|ClassIsland.Services.SettingsService|写入配置文件：WeatherLatitude
2026/5/19 16:51:24|Information|ClassIsland.Shared.Helpers.ConfigureFileHelper|写入 JSON 文件：C:\ClassIsland\data\Settings.json
2026/5/19 16:51:24|Information|ClassIsland.Services.WeatherService|获取城市信息： https://weatherapi.market.xiaomi.com/wtr-v3/location/city/geo?longitude=***&latitude=***&locale=zh_cn
2026/5/19 16:51:24|Information|ClassIsland.Services.WeatherService|获取天气信息： https://weatherapi.market.xiaomi.com/wtr-v3/weather/all?latitude=***&longitude=***&locationKey=weathercn%3A101020600&days=15&appKey=weather20151024&sign=zUFJoAR2ZVrDy1vF3D07&isGlobal=false&locale=zh_cn
2026/5/19 16:51:24|Information|ClassIsland.Services.SettingsService|写入配置文件：LastWeatherInfo
2026/5/19 16:51:24|Information|ClassIsland.Shared.Helpers.ConfigureFileHelper|写入 JSON 文件：C:\ClassIsland\data\Settings.json
