2026/5/19 15:50:25|Information|ClassIsland.App|ClassIsland 2.0.0.2-Khaslana-af9cdea(HEAD) (Core 2.0.0.0)
2026/5/19 15:50:25|Information|ClassIsland.Shared.Helpers.ConfigureFileHelper|读取 JSON 文件：C:\Users\zhuch\AppData\Local\ClassIsland\Management\Persist.json
2026/5/19 15:50:25|Information|ClassIsland.Shared.Helpers.ConfigureFileHelper|读取 JSON 文件：C:\Users\zhuch\AppData\Local\ClassIsland\Management\Settings.json
2026/5/19 15:50:25|Information|ClassIsland.Shared.Helpers.ConfigureFileHelper|读取 JSON 文件：C:\ClassIsland\data\Config\Management\Policy.json
2026/5/19 15:50:25|Information|ClassIsland.Shared.Helpers.ConfigureFileHelper|读取 JSON 文件：C:\ClassIsland\data\Config\Management\Credentials.json
2026/5/19 15:50:25|Information|ClassIsland.Services.SettingsService|加载配置文件。
2026/5/19 15:50:25|Information|ClassIsland.Shared.Helpers.ConfigureFileHelper|读取 JSON 文件：C:\ClassIsland\data\Settings.json
2026/5/19 15:50:25|Information|ClassIsland.Services.SettingsService|写入配置文件：DiagnosticStartupCount
2026/5/19 15:50:25|Information|ClassIsland.Shared.Helpers.ConfigureFileHelper|写入 JSON 文件：C:\ClassIsland\data\Settings.json
2026/5/19 15:50:25|Information|ClassIsland.App|初始化应用。
2026/5/19 15:50:26|Information|ClassIsland.Shared.Helpers.ConfigureFileHelper|读取 JSON 文件：C:\ClassIsland\data\Cache\Update\DistributionInfo.json
2026/5/19 15:50:26|Information|ClassIsland.Shared.Helpers.ConfigureFileHelper|读取 JSON 文件：C:\ClassIsland\data\Cache\Update\DistributionMetadata.json
2026/5/19 15:50:26|Information|ClassIsland.Services.ProfileService|加载档案中：C:\ClassIsland\data\Profiles\Default.json
2026/5/19 15:50:26|Information|ClassIsland.Shared.Helpers.ConfigureFileHelper|读取 JSON 文件：C:\ClassIsland\data\Profiles\Default.json
2026/5/19 15:50:27|Information|ClassIsland.Services.ExactTimeService|正在从 ntp.aliyun.com 同步时间
2026/5/19 15:50:27|Information|ClassIsland.Services.ExactTimeService|成功地同步了时间，现在是 05/19/2026 15:50:22
2026/5/19 15:50:27|Information|ClassIsland.Shared.Helpers.ConfigureFileHelper|读取 JSON 文件：C:\ClassIsland\data\Config\ComponentLayouts\Default.json
2026/5/19 15:50:27|Information|ClassIsland.Services.LessonsService|发出时间状态改变事件。
2026/5/19 15:50:27|Information|ClassIsland.Services.LessonsService|发出下课事件。
2026/5/19 15:50:27|Information|ClassIsland.Services.NotificationHostService|注册提醒提供方：08f0d9c3-c770-4093-a3d0-02f3d90c24bc（上下课提醒）
2026/5/19 15:50:27|Information|ClassIsland.Services.NotificationHostService|注册提醒渠道：cddfe7ff-b904-4c73-b458-82793b2f66e9（准备上课提醒）
2026/5/19 15:50:27|Information|ClassIsland.Services.NotificationHostService|注册提醒渠道：aff5b9a4-037c-4a71-8563-c9ea87dda75c（上课提醒）
2026/5/19 15:50:27|Information|ClassIsland.Services.NotificationHostService|注册提醒渠道：77c9f3fb-0a2a-4b22-bddf-3c333462b2f9（下课提醒）
2026/5/19 15:50:27|Information|ClassIsland.Services.NotificationHostService|获取提醒提供方设置：08f0d9c3-c770-4093-a3d0-02f3d90c24bc
2026/5/19 15:50:27|Information|ClassIsland.Services.NotificationHostService|注册提醒提供方：8fbc3a26-6d20-44dd-b895-b9411e3ddc51（放学提醒）
2026/5/19 15:50:27|Information|ClassIsland.Services.NotificationHostService|获取提醒提供方设置：8fbc3a26-6d20-44dd-b895-b9411e3ddc51
2026/5/19 15:50:27|Information|ClassIsland.Services.NotificationHostService|注册提醒提供方：7625de96-38aa-4b71-b478-3f156dd9458d（天气预警）
2026/5/19 15:50:27|Information|ClassIsland.Services.NotificationHostService|获取提醒提供方设置：7625de96-38aa-4b71-b478-3f156dd9458d
2026/5/19 15:50:27|Information|ClassIsland.Services.NotificationHostService|注册提醒提供方：4b12f124-8585-43c7-afc5-7bbb7cbe60d6（行动提醒）
2026/5/19 15:50:27|Information|ClassIsland.Services.NotificationHostService|注册提醒提供方：b27c0af3-c917-44de-a61d-8010c3f3fb92（地震预警）
2026/5/19 15:50:27|Information|ClassIsland.Services.NotificationHostService|获取提醒提供方设置：b27c0af3-c917-44de-a61d-8010c3f3fb92
2026/5/19 15:50:27|Information|ExtraIsland.Shared.ServicesFetcherService|正在获取服务...
2026/5/19 15:50:27|Information|ExtraIsland.Plugin|ExtraIsland 已载入!
2026/5/19 15:50:27|Information|ClassIsland.Services.NotificationHostService|注册提醒提供方：f377c816-42b1-4d1a-aa69-a67ddd6beb6d（更好的倒计时提醒）
2026/5/19 15:50:27|Information|ClassIsland.Services.NotificationHostService|注册提醒渠道：40f73a64-a0d8-480b-8026-f0a71a14d6fb（倒计时结束）
2026/5/19 15:50:27|Information|Microsoft.Hosting.Lifetime|Application started. Press Ctrl+C to shut down.
2026/5/19 15:50:27|Information|Microsoft.Hosting.Lifetime|Hosting environment: Production
2026/5/19 15:50:27|Information|Microsoft.Hosting.Lifetime|Content root path: C:\ClassIsland\app-2.0.0.2-0\
2026/5/19 15:50:27|Information|ClassIsland.App|App started.
2026/5/19 15:50:27|Information|ClassIsland.Services.PluginMarketService|正在加载插件源
2026/5/19 15:50:27|Information|ClassIsland.Shared.Helpers.ConfigureFileHelper|读取 JSON 文件：C:\ClassIsland\data\Config\PluginsIndex\Default\index.v2.json
2026/5/19 15:50:27|Information|ClassIsland.Services.SettingsService|写入配置文件：OfficialIndexMirrors
2026/5/19 15:50:27|Information|ClassIsland.Shared.Helpers.ConfigureFileHelper|写入 JSON 文件：C:\ClassIsland\data\Settings.json
2026/5/19 15:50:27|Information|ClassIsland.App|正在初始化MainWindow。
2026/5/19 15:50:27|Information|ClassIsland.Services.SpeechService.SystemSpeechService|初始化了系统TTS服务。
2026/5/19 15:50:27|Information|ClassIsland.Shared.Helpers.ConfigureFileHelper|读取 JSON 文件：C:\ClassIsland\data\Config\EnabledThemes.json
2026/5/19 15:50:27|Information|ClassIsland.Services.XamlThemeService|正在加载主题源
2026/5/19 15:50:27|Information|ClassIsland.Services.PluginMarketService|正在加载插件源
2026/5/19 15:50:27|Information|ClassIsland.Shared.Helpers.ConfigureFileHelper|读取 JSON 文件：C:\ClassIsland\data\Config\PluginsIndex\Default\index.v2.json
2026/5/19 15:50:27|Information|ClassIsland.Services.SettingsService|写入配置文件：OfficialIndexMirrors
2026/5/19 15:50:27|Information|ClassIsland.Shared.Helpers.ConfigureFileHelper|写入 JSON 文件：C:\ClassIsland\data\Settings.json
2026/5/19 15:50:27|Information|ClassIsland.Shared.Helpers.ConfigureFileHelper|读取 JSON 文件：C:\ClassIsland\data\Config\PluginsIndex\Default\themes.json
2026/5/19 15:50:27|Information|ClassIsland.Services.XamlThemeService|正在从资源加载主题 avares://ClassIsland/XamlThemes/FluentTheme/Styles.axaml
2026/5/19 15:50:27|Information|ClassIsland.Services.XamlThemeService|正在加载主题源
2026/5/19 15:50:27|Information|ClassIsland.Services.PluginMarketService|正在加载插件源
2026/5/19 15:50:27|Information|ClassIsland.Shared.Helpers.ConfigureFileHelper|读取 JSON 文件：C:\ClassIsland\data\Config\PluginsIndex\Default\index.v2.json
2026/5/19 15:50:27|Information|ClassIsland.Services.SettingsService|写入配置文件：OfficialIndexMirrors
2026/5/19 15:50:27|Information|ClassIsland.Shared.Helpers.ConfigureFileHelper|写入 JSON 文件：C:\ClassIsland\data\Settings.json
2026/5/19 15:50:27|Information|ClassIsland.Shared.Helpers.ConfigureFileHelper|读取 JSON 文件：C:\ClassIsland\data\Config\PluginsIndex\Default\themes.json
2026/5/19 15:50:27|Information|ClassIsland.Services.XamlThemeService|正在从资源加载主题 avares://ClassIsland/XamlThemes/FluentTheme/Styles.axaml
2026/5/19 15:50:28|Warning|ClassIsland.Services.Logging.AvaloniaLoggingSink|[Binding] An error occurred binding 'IsVisible' to 'SettingsService.Settings.IsMainWindowVisible' at 'SettingsService': 'Could not find a matching property accessor for 'SettingsService' on 'ClassIsland.Core.Models.Components.MainWindowLineSettings'.' (Grid #GridRoot)
2026/5/19 15:50:28|Warning|ClassIsland.Services.Logging.AvaloniaLoggingSink|[Binding] An error occurred binding 'Content' to '$visualParent[MainWindowLine].OverlayContent.Content' at 'OverlayContent': 'Value is null.' (ContentPresenter #63100926)
2026/5/19 15:50:28|Warning|ClassIsland.Services.Logging.AvaloniaLoggingSink|[Binding] An error occurred binding 'ContentTemplate' to '$visualParent[MainWindowLine].OverlayContent.ContentTemplate' at 'OverlayContent': 'Value is null.' (ContentPresenter #63100926)
2026/5/19 15:50:28|Warning|ClassIsland.Services.Logging.AvaloniaLoggingSink|[Binding] An error occurred binding 'Content' to '$visualParent[MainWindowLine].MaskContent.Content' at 'MaskContent': 'Value is null.' (ContentPresenter #OverlayMaskContent)
2026/5/19 15:50:28|Warning|ClassIsland.Services.Logging.AvaloniaLoggingSink|[Binding] An error occurred binding 'ContentTemplate' to '$visualParent[MainWindowLine].MaskContent.ContentTemplate' at 'MaskContent': 'Value is null.' (ContentPresenter #OverlayMaskContent)
2026/5/19 15:50:28|Warning|ClassIsland.Services.Logging.AvaloniaLoggingSink|[Binding] An error occurred binding 'IsVisible' to 'SettingsService.Settings.IsMainWindowVisible' at 'SettingsService': 'Could not find a matching property accessor for 'SettingsService' on 'ClassIsland.Core.Models.Components.MainWindowLineSettings'.' (Grid #GridRoot)
2026/5/19 15:50:28|Warning|ClassIsland.Services.Logging.AvaloniaLoggingSink|[Binding] An error occurred binding 'Content' to '$visualParent[MainWindowLine].OverlayContent.Content' at 'OverlayContent': 'Value is null.' (ContentPresenter #23492305)
2026/5/19 15:50:28|Warning|ClassIsland.Services.Logging.AvaloniaLoggingSink|[Binding] An error occurred binding 'ContentTemplate' to '$visualParent[MainWindowLine].OverlayContent.ContentTemplate' at 'OverlayContent': 'Value is null.' (ContentPresenter #23492305)
2026/5/19 15:50:28|Warning|ClassIsland.Services.Logging.AvaloniaLoggingSink|[Binding] An error occurred binding 'Content' to '$visualParent[MainWindowLine].MaskContent.Content' at 'MaskContent': 'Value is null.' (ContentPresenter #OverlayMaskContent)
2026/5/19 15:50:28|Warning|ClassIsland.Services.Logging.AvaloniaLoggingSink|[Binding] An error occurred binding 'ContentTemplate' to '$visualParent[MainWindowLine].MaskContent.ContentTemplate' at 'MaskContent': 'Value is null.' (ContentPresenter #OverlayMaskContent)
2026/5/19 15:50:29|Information|ClassIsland.Services.WeatherService|获取城市信息： https://weatherapi.market.xiaomi.com/wtr-v3/location/city/geo?longitude=***&latitude=***&locale=zh_cn
2026/5/19 15:50:29|Information|ClassIsland.Shared.Helpers.ConfigureFileHelper|写入 JSON 文件：C:\ClassIsland\data\Cache\Update\DistributionMetadata.json
2026/5/19 15:50:29|Information|ClassIsland.Services.SettingsService|写入配置文件：LastCheckUpdateTime
2026/5/19 15:50:29|Information|ClassIsland.Shared.Helpers.ConfigureFileHelper|写入 JSON 文件：C:\ClassIsland\data\Settings.json
2026/5/19 15:50:29|Information|ClassIsland.Services.WeatherService|获取天气信息： https://weatherapi.market.xiaomi.com/wtr-v3/weather/all?latitude=***&longitude=***&locationKey=weathercn%3A101020600&days=15&appKey=weather20151024&sign=zUFJoAR2ZVrDy1vF3D07&isGlobal=false&locale=zh_cn
2026/5/19 15:50:29|Information|ClassIsland.Services.SettingsService|写入配置文件：LastWeatherInfo
2026/5/19 15:50:29|Information|ClassIsland.Shared.Helpers.ConfigureFileHelper|写入 JSON 文件：C:\ClassIsland\data\Settings.json
2026/5/19 15:50:30|Information|ClassIsland.Services.DiagnosticService|启动共花费 5939ms, [4, 6)
2026/5/19 15:50:30|Warning|ClassIsland.Services.Logging.AvaloniaLoggingSink|[Animations] Cannot find the appropriate transform: "Avalonia.Media.TranslateTransform" in ClassIsland.Core.Controls.FluentIcon. (FluentIcon #27806444)
2026/5/19 15:50:31|Warning|ClassIsland.Services.Logging.AvaloniaLoggingSink|[Binding] An error occurred binding 'ItemsSource' to 'ClassPlan.TimeLayout.Layouts' at 'ClassPlan': 'Value is null.' (LessonsListBox #MainLessonsListBox)
2026/5/19 15:50:31|Warning|ClassIsland.Services.Logging.AvaloniaLoggingSink|[Binding] An error occurred binding 'ItemsSource' to 'ClassPlan.TimeLayout.Layouts' at 'ClassPlan': 'Value is null.' (LessonsListBox #TomorrowLessonsListBox)
2026/5/19 15:50:31|Information|ClassIsland.Shared.Helpers.ConfigureFileHelper|读取 JSON 文件：C:\ClassIsland\data\Config\Automations\Default.json
2026/5/19 15:51:27|Information|ClassIsland.Services.MemoryWatchDogService|当前内存使用: 269.60 MiB(282693632 Bytes)
2026/5/19 15:52:27|Information|ClassIsland.Services.MemoryWatchDogService|当前内存使用: 258.43 MiB(270983168 Bytes)
2026/5/19 15:53:18|Information|ClassIsland.Controls.MainWindowLine|PostTicked=>MainTimerTicked=>处理通知请求：ClassIsland.Core.Models.Notification.NotificationContent ClassIsland.Core.Models.Notification.NotificationContent
2026/5/19 15:53:18|Information|ClassIsland.Controls.MainWindowLine|PostTicked=>MainTimerTicked=>即将播放提醒音效：
2026/5/19 15:53:18|Information|ClassIsland.Views.TopmostEffectWindow|PostTicked=>MainTimerTicked=>播放顶层特效：ClassIsland.Controls.NotificationEffects.RippleEffect
2026/5/19 15:53:19|Information|ClassIsland.Views.TopmostEffectWindow|结束播放并移除顶层特效：ClassIsland.Controls.NotificationEffects.RippleEffect
2026/5/19 15:53:27|Information|ClassIsland.Services.MemoryWatchDogService|当前内存使用: 428.93 MiB(449765376 Bytes)
2026/5/19 15:54:27|Information|ClassIsland.Services.MemoryWatchDogService|当前内存使用: 396.85 MiB(416124928 Bytes)
2026/5/19 15:55:18|Information|ClassIsland.Controls.MainWindowLine|PostTicked=>MainTimerTicked=>处理通知请求：ClassIsland.Core.Models.Notification.NotificationContent (null)
2026/5/19 15:55:18|Information|ClassIsland.Services.LessonsService|ProcessLessons=>MainTimerTicked=>发出时间状态改变事件。
2026/5/19 15:55:18|Information|ClassIsland.Services.LessonsService|ProcessLessons=>MainTimerTicked=>发出上课事件。
2026/5/19 15:55:18|Information|ClassIsland.Controls.MainWindowLine|PostTicked=>MainTimerTicked=>即将播放提醒音效：
2026/5/19 15:55:18|Information|ClassIsland.Views.TopmostEffectWindow|PostTicked=>MainTimerTicked=>播放顶层特效：ClassIsland.Controls.NotificationEffects.RippleEffect
2026/5/19 15:55:19|Information|ClassIsland.Views.TopmostEffectWindow|结束播放并移除顶层特效：ClassIsland.Controls.NotificationEffects.RippleEffect
2026/5/19 15:55:23|Information|ClassIsland.Controls.MainWindowLine|PostTicked=>MainTimerTicked=>处理通知请求：ClassIsland.Core.Models.Notification.NotificationContent ClassIsland.Core.Models.Notification.NotificationContent
2026/5/19 15:55:23|Information|ClassIsland.Controls.MainWindowLine|PostTicked=>MainTimerTicked=>即将播放提醒音效：
2026/5/19 15:55:23|Information|ClassIsland.Views.TopmostEffectWindow|PostTicked=>MainTimerTicked=>播放顶层特效：ClassIsland.Controls.NotificationEffects.RippleEffect
2026/5/19 15:55:24|Information|ClassIsland.Views.TopmostEffectWindow|结束播放并移除顶层特效：ClassIsland.Controls.NotificationEffects.RippleEffect
2026/5/19 15:55:27|Information|ClassIsland.Services.WeatherService|获取城市信息： https://weatherapi.market.xiaomi.com/wtr-v3/location/city/geo?longitude=***&latitude=***&locale=zh_cn
2026/5/19 15:55:27|Information|ClassIsland.Services.WeatherService|获取天气信息： https://weatherapi.market.xiaomi.com/wtr-v3/weather/all?latitude=***&longitude=***&locationKey=weathercn%3A101020600&days=15&appKey=weather20151024&sign=zUFJoAR2ZVrDy1vF3D07&isGlobal=false&locale=zh_cn
2026/5/19 15:55:27|Information|ClassIsland.Services.SettingsService|写入配置文件：LastWeatherInfo
2026/5/19 15:55:27|Information|ClassIsland.Shared.Helpers.ConfigureFileHelper|写入 JSON 文件：C:\ClassIsland\data\Settings.json
2026/5/19 15:55:27|Information|ClassIsland.Services.MemoryWatchDogService|当前内存使用: 428.78 MiB(449609728 Bytes)
2026/5/19 15:55:43|Warning|ClassIsland.Services.Logging.AvaloniaLoggingSink|PostTicked=>MainTimerTicked=>[Binding] An error occurred binding 'Content' to '$visualParent[MainWindowLine].OverlayContent.Content' at 'OverlayContent': 'Value is null.' (ContentPresenter #63100926)
2026/5/19 15:55:43|Warning|ClassIsland.Services.Logging.AvaloniaLoggingSink|PostTicked=>MainTimerTicked=>[Binding] An error occurred binding 'Code' to 'Value.From' at 'Value': 'Value is null.' (WeatherPackIconControl #32281737)
2026/5/19 15:55:43|Warning|ClassIsland.Services.Logging.AvaloniaLoggingSink|PostTicked=>MainTimerTicked=>[Binding] An error occurred binding 'Code' to 'Value.To' at 'Value': 'Value is null.' (WeatherPackIconControl #64683887)
2026/5/19 15:55:43|Warning|ClassIsland.Services.Logging.AvaloniaLoggingSink|PostTicked=>MainTimerTicked=>[Binding] An error occurred binding 'Code' to 'Value.From' at 'Value': 'Value is null.' (WeatherPackIconControl #4163976)
2026/5/19 15:55:43|Warning|ClassIsland.Services.Logging.AvaloniaLoggingSink|PostTicked=>MainTimerTicked=>[Binding] An error occurred binding 'Code' to 'Value.To' at 'Value': 'Value is null.' (WeatherPackIconControl #1737784)
2026/5/19 15:55:43|Warning|ClassIsland.Services.Logging.AvaloniaLoggingSink|PostTicked=>MainTimerTicked=>[Binding] An error occurred binding 'Code' to 'Value.From' at 'Value': 'Value is null.' (WeatherPackIconControl #44783995)
2026/5/19 15:55:43|Warning|ClassIsland.Services.Logging.AvaloniaLoggingSink|PostTicked=>MainTimerTicked=>[Binding] An error occurred binding 'Code' to 'Value.To' at 'Value': 'Value is null.' (WeatherPackIconControl #3625001)
2026/5/19 15:55:43|Warning|ClassIsland.Services.Logging.AvaloniaLoggingSink|PostTicked=>MainTimerTicked=>[Binding] An error occurred binding 'ContentTemplate' to '$visualParent[MainWindowLine].OverlayContent.ContentTemplate' at 'OverlayContent': 'Value is null.' (ContentPresenter #63100926)
2026/5/19 15:55:43|Warning|ClassIsland.Services.Logging.AvaloniaLoggingSink|PostTicked=>MainTimerTicked=>[Binding] An error occurred binding 'Content' to '$visualParent[MainWindowLine].MaskContent.Content' at 'MaskContent': 'Value is null.' (ContentPresenter #OverlayMaskContent)
2026/5/19 15:55:43|Warning|ClassIsland.Services.Logging.AvaloniaLoggingSink|PostTicked=>MainTimerTicked=>[Binding] An error occurred binding 'ContentTemplate' to '$visualParent[MainWindowLine].MaskContent.ContentTemplate' at 'MaskContent': 'Value is null.' (ContentPresenter #OverlayMaskContent)
2026/5/19 15:56:27|Information|ClassIsland.Services.MemoryWatchDogService|当前内存使用: 376.23 MiB(394506240 Bytes)
2026/5/19 15:57:27|Information|ClassIsland.Services.MemoryWatchDogService|当前内存使用: 374.52 MiB(392716288 Bytes)
2026/5/19 15:58:27|Information|ClassIsland.Services.MemoryWatchDogService|当前内存使用: 371.75 MiB(389804032 Bytes)
2026/5/19 15:59:27|Information|ClassIsland.Services.MemoryWatchDogService|当前内存使用: 379.99 MiB(398450688 Bytes)
2026/5/19 16:00:27|Information|ClassIsland.Services.ExactTimeService|正在从 ntp.aliyun.com 同步时间
2026/5/19 16:00:27|Information|ClassIsland.Services.WeatherService|获取城市信息： https://weatherapi.market.xiaomi.com/wtr-v3/location/city/geo?longitude=***&latitude=***&locale=zh_cn
2026/5/19 16:00:27|Information|ClassIsland.Services.ExactTimeService|成功地同步了时间，现在是 05/19/2026 16:00:22
2026/5/19 16:00:27|Information|ClassIsland.Services.WeatherService|获取天气信息： https://weatherapi.market.xiaomi.com/wtr-v3/weather/all?latitude=***&longitude=***&locationKey=weathercn%3A101020600&days=15&appKey=weather20151024&sign=zUFJoAR2ZVrDy1vF3D07&isGlobal=false&locale=zh_cn
2026/5/19 16:00:27|Information|ClassIsland.Services.SettingsService|写入配置文件：LastWeatherInfo
2026/5/19 16:00:27|Information|ClassIsland.Shared.Helpers.ConfigureFileHelper|写入 JSON 文件：C:\ClassIsland\data\Settings.json
2026/5/19 16:00:27|Information|ClassIsland.Services.MemoryWatchDogService|当前内存使用: 383.29 MiB(401907712 Bytes)
2026/5/19 16:01:27|Information|ClassIsland.Services.MemoryWatchDogService|当前内存使用: 383.23 MiB(401846272 Bytes)
2026/5/19 16:02:27|Information|ClassIsland.Services.MemoryWatchDogService|当前内存使用: 383.36 MiB(401977344 Bytes)
2026/5/19 16:03:27|Information|ClassIsland.Services.MemoryWatchDogService|当前内存使用: 383.27 MiB(401887232 Bytes)
2026/5/19 16:04:27|Information|ClassIsland.Services.MemoryWatchDogService|当前内存使用: 383.33 MiB(401948672 Bytes)
2026/5/19 16:05:27|Information|ClassIsland.Services.WeatherService|获取城市信息： https://weatherapi.market.xiaomi.com/wtr-v3/location/city/geo?longitude=***&latitude=***&locale=zh_cn
2026/5/19 16:05:27|Information|ClassIsland.Services.WeatherService|获取天气信息： https://weatherapi.market.xiaomi.com/wtr-v3/weather/all?latitude=***&longitude=***&locationKey=weathercn%3A101020600&days=15&appKey=weather20151024&sign=zUFJoAR2ZVrDy1vF3D07&isGlobal=false&locale=zh_cn
2026/5/19 16:05:27|Information|ClassIsland.Services.SettingsService|写入配置文件：LastWeatherInfo
2026/5/19 16:05:27|Information|ClassIsland.Shared.Helpers.ConfigureFileHelper|写入 JSON 文件：C:\ClassIsland\data\Settings.json
2026/5/19 16:05:27|Information|ClassIsland.Services.MemoryWatchDogService|当前内存使用: 381.68 MiB(400216064 Bytes)
2026/5/19 16:06:27|Information|ClassIsland.Services.MemoryWatchDogService|当前内存使用: 379.46 MiB(397897728 Bytes)
2026/5/19 16:07:27|Information|ClassIsland.Services.MemoryWatchDogService|当前内存使用: 379.45 MiB(397881344 Bytes)
2026/5/19 16:08:27|Information|ClassIsland.Services.MemoryWatchDogService|当前内存使用: 367.25 MiB(385085440 Bytes)
2026/5/19 16:09:27|Information|ClassIsland.Services.MemoryWatchDogService|当前内存使用: 373.01 MiB(391127040 Bytes)
2026/5/19 16:10:27|Information|ClassIsland.Services.ExactTimeService|正在从 ntp.aliyun.com 同步时间
2026/5/19 16:10:27|Information|ClassIsland.Services.WeatherService|获取城市信息： https://weatherapi.market.xiaomi.com/wtr-v3/location/city/geo?longitude=***&latitude=***&locale=zh_cn
2026/5/19 16:10:27|Information|ClassIsland.Services.ExactTimeService|成功地同步了时间，现在是 05/19/2026 16:10:22
2026/5/19 16:10:27|Information|ClassIsland.Services.WeatherService|获取天气信息： https://weatherapi.market.xiaomi.com/wtr-v3/weather/all?latitude=***&longitude=***&locationKey=weathercn%3A101020600&days=15&appKey=weather20151024&sign=zUFJoAR2ZVrDy1vF3D07&isGlobal=false&locale=zh_cn
2026/5/19 16:10:27|Information|ClassIsland.Services.SettingsService|写入配置文件：LastWeatherInfo
2026/5/19 16:10:27|Information|ClassIsland.Shared.Helpers.ConfigureFileHelper|写入 JSON 文件：C:\ClassIsland\data\Settings.json
2026/5/19 16:10:27|Information|ClassIsland.Services.MemoryWatchDogService|当前内存使用: 373.62 MiB(391774208 Bytes)
2026/5/19 16:11:27|Information|ClassIsland.Services.MemoryWatchDogService|当前内存使用: 379.08 MiB(397496320 Bytes)
2026/5/19 16:12:27|Information|ClassIsland.Services.MemoryWatchDogService|当前内存使用: 368.25 MiB(386142208 Bytes)
2026/5/19 16:13:27|Information|ClassIsland.Services.MemoryWatchDogService|当前内存使用: 368.26 MiB(386146304 Bytes)
2026/5/19 16:14:27|Information|ClassIsland.Services.MemoryWatchDogService|当前内存使用: 368.27 MiB(386162688 Bytes)
2026/5/19 16:15:27|Information|ClassIsland.Services.WeatherService|获取城市信息： https://weatherapi.market.xiaomi.com/wtr-v3/location/city/geo?longitude=***&latitude=***&locale=zh_cn
2026/5/19 16:15:27|Information|ClassIsland.Services.WeatherService|获取天气信息： https://weatherapi.market.xiaomi.com/wtr-v3/weather/all?latitude=***&longitude=***&locationKey=weathercn%3A101020600&days=15&appKey=weather20151024&sign=zUFJoAR2ZVrDy1vF3D07&isGlobal=false&locale=zh_cn
2026/5/19 16:15:27|Information|ClassIsland.Services.SettingsService|写入配置文件：LastWeatherInfo
2026/5/19 16:15:27|Information|ClassIsland.Shared.Helpers.ConfigureFileHelper|写入 JSON 文件：C:\ClassIsland\data\Settings.json
2026/5/19 16:15:27|Information|ClassIsland.Services.MemoryWatchDogService|当前内存使用: 370.95 MiB(388964352 Bytes)
2026/5/19 16:16:27|Information|ClassIsland.Services.MemoryWatchDogService|当前内存使用: 377.62 MiB(395960320 Bytes)
2026/5/19 16:17:27|Information|ClassIsland.Services.MemoryWatchDogService|当前内存使用: 366.01 MiB(383787008 Bytes)
